<?xml version="1.0" encoding="UTF-8"?>
<!-- Generated by org.testng.reporters.JUnitReportReporter -->
<testsuite hostname="DESKTOP-9P7INMV" failures="0" tests="2" name="pac2.OrgTest" time="0.005" errors="0" timestamp="2024-07-31T10:15:12 IST" skipped="0">
  <testcase classname="pac2.OrgTest" name="Createorgtest" time="0.002"/>
  <testcase classname="pac2.OrgTest" name="modifyorgtest" time="0.003"/>
</testsuite> <!-- pac2.OrgTest -->
