<?xml version="1.0" encoding="UTF-8"?>
<!-- Generated by org.testng.reporters.JUnitReportReporter -->
<testsuite hostname="DESKTOP-9P7INMV" failures="0" tests="2" name="pac1.ContacTest" time="0.016" errors="0" timestamp="2024-07-31T10:15:12 IST" skipped="0">
  <testcase classname="pac1.ContacTest" name="modifycontactTest" time="0.005"/>
  <testcase classname="pac1.ContacTest" name="createcontacttest" time="0.011"/>
</testsuite> <!-- pac1.ContacTest -->
